INFO  | 28-04-2022 00:34:35 | s.Server - Server start...
INFO  | 28-04-2022 00:34:35 | s.Server - Server started successfully.
INFO  | 28-04-2022 00:34:35 | s.Server - Port listening '1821'...
INFO  | 28-04-2022 00:34:44 | s.Server - Client connection successfully established.
WARN  | 28-04-2022 00:34:44 | s.Server - Unexpected loss of connection with the client!
INFO  | 28-04-2022 00:34:44 | s.Server - Port listening '1821'...
INFO  | 28-04-2022 00:35:24 | s.Server - Client connection successfully established.
WARN  | 28-04-2022 00:35:24 | s.Server - Unexpected loss of connection with the client!
INFO  | 28-04-2022 00:35:24 | s.Server - Port listening '1821'...
INFO  | 28-04-2022 00:36:00 | s.Server - Client connection successfully established.
WARN  | 28-04-2022 00:36:01 | s.Server - Unexpected loss of connection with the client!
INFO  | 28-04-2022 00:36:01 | s.Server - Port listening '1821'...
INFO  | 28-04-2022 00:36:09 | s.Server - Client connection successfully established.
WARN  | 28-04-2022 00:36:09 | s.Server - Unexpected loss of connection with the client!
INFO  | 28-04-2022 00:36:09 | s.Server - Port listening '1821'...
INFO  | 28-04-2022 00:36:16 | s.Server - Client connection successfully established.
WARN  | 28-04-2022 00:36:16 | s.Server - Unexpected loss of connection with the client!
INFO  | 28-04-2022 00:36:16 | s.Server - Port listening '1821'...
WARN  | 28-04-2022 00:37:16 | s.Server - Connection timed out!
INFO  | 28-04-2022 00:37:16 | s.Server - Shutting down the server...
INFO  | 28-04-2022 00:37:16 | s.Server - Server completed successfully.
