INFO  | 19-04-2022 16:54:52 | utility.CollectionFileManager - Коллекция успешно загружена.
INFO  | 19-04-2022 16:54:52 | server.Server - Запуск сервера...
INFO  | 19-04-2022 16:54:52 | server.Server - Сервер успешно запущен.
INFO  | 19-04-2022 16:54:52 | server.Server - Прослушивание порта '1821'...
INFO  | 19-04-2022 16:54:59 | server.Server - Соединение с клиентом успешно установлено.
INFO  | 19-04-2022 16:55:02 | server.Server - Запрос 'show' успешно обработан.
INFO  | 19-04-2022 16:55:49 | server.Server - Запрос 'save' успешно обработан.
INFO  | 19-04-2022 16:55:56 | server.Server - Запрос 'exit' успешно обработан.
INFO  | 19-04-2022 16:55:56 | server.Server - Клиент успешно отключен от сервера!
INFO  | 19-04-2022 16:55:56 | server.Server - Прослушивание порта '1821'...
INFO  | 19-04-2022 16:56:06 | server.Server - Соединение с клиентом успешно установлено.
INFO  | 19-04-2022 16:56:11 | server.Server - Запрос 'help' успешно обработан.
INFO  | 19-04-2022 16:56:32 | server.Server - Запрос 'history' успешно обработан.
INFO  | 19-04-2022 16:56:52 | server.Server - Запрос 'help' успешно обработан.
INFO  | 19-04-2022 16:57:22 | server.Server - Запрос 'save' успешно обработан.
INFO  | 19-04-2022 16:57:26 | server.Server - Запрос 'show' успешно обработан.
INFO  | 19-04-2022 16:58:09 | server.Server - Запрос 'add' успешно обработан.
INFO  | 19-04-2022 16:58:12 | server.Server - Запрос 'show' успешно обработан.
INFO  | 19-04-2022 16:58:17 | server.Server - Запрос 'save' успешно обработан.
INFO  | 19-04-2022 16:58:28 | server.Server - Запрос 'show' успешно обработан.
INFO  | 19-04-2022 16:58:55 | server.Server - Клиент успешно отключен от сервера!
INFO  | 19-04-2022 16:58:55 | server.Server - Прослушивание порта '1821'...
INFO  | 19-04-2022 16:58:56 | server.Server - Соединение с клиентом успешно установлено.
INFO  | 19-04-2022 16:59:46 | server.Server - Запрос 'show' успешно обработан.
INFO  | 19-04-2022 17:01:51 | server.Server - Запрос 'exit' успешно обработан.
INFO  | 19-04-2022 17:01:51 | server.Server - Клиент успешно отключен от сервера!
INFO  | 19-04-2022 17:01:51 | server.Server - Прослушивание порта '1821'...
INFO  | 19-04-2022 17:02:38 | server.Server - Соединение с клиентом успешно установлено.
INFO  | 19-04-2022 17:02:50 | server.Server - Запрос 'show' успешно обработан.
