INFO  | 18-06-2022 00:19:14 | utility.DatabaseHandler - Соединение с базой данных установлено.
INFO  | 18-06-2022 00:19:14 | utility.DatabaseCollectionManager - Выполнен запрос SELECT_COORDINATES_BY_MARINE_ID.
INFO  | 18-06-2022 00:19:14 | utility.DatabaseHandler - Закрыт SQL запрос 'SELECT * FROM coordinates WHERE space_marine_id = 4'.
INFO  | 18-06-2022 00:19:14 | utility.DatabaseCollectionManager - Выполнен запрос SELECT_CHAPTER_BY_ID.
INFO  | 18-06-2022 00:19:14 | utility.DatabaseHandler - Закрыт SQL запрос 'SELECT * FROM chapter WHERE id = 9'.
INFO  | 18-06-2022 00:19:14 | utility.DatabaseUserManager - Выполнен запрос SELECT_USER_BY_ID.
INFO  | 18-06-2022 00:19:14 | utility.DatabaseHandler - Закрыт SQL запрос 'SELECT * FROM account WHERE id = 1'.
INFO  | 18-06-2022 00:19:14 | utility.DatabaseCollectionManager - Выполнен запрос SELECT_COORDINATES_BY_MARINE_ID.
INFO  | 18-06-2022 00:19:14 | utility.DatabaseHandler - Закрыт SQL запрос 'SELECT * FROM coordinates WHERE space_marine_id = 1'.
INFO  | 18-06-2022 00:19:14 | utility.DatabaseCollectionManager - Выполнен запрос SELECT_CHAPTER_BY_ID.
INFO  | 18-06-2022 00:19:14 | utility.DatabaseHandler - Закрыт SQL запрос 'SELECT * FROM chapter WHERE id = 10'.
INFO  | 18-06-2022 00:19:14 | utility.DatabaseUserManager - Выполнен запрос SELECT_USER_BY_ID.
INFO  | 18-06-2022 00:19:14 | utility.DatabaseHandler - Закрыт SQL запрос 'SELECT * FROM account WHERE id = 2'.
INFO  | 18-06-2022 00:19:14 | utility.DatabaseHandler - Закрыт SQL запрос 'SELECT * FROM space_marine'.
INFO  | 18-06-2022 00:19:14 | utility.CollectionManager - Коллекция загружена.
INFO  | 18-06-2022 00:19:14 | server.Server - Запуск сервера...
INFO  | 18-06-2022 00:19:14 | server.Server - Сервер запущен.
INFO  | 18-06-2022 00:19:14 | server.Server - Разрешение на новое соединение получено.
INFO  | 18-06-2022 00:19:14 | server.Server - Прослушивание порта '25565'...
INFO  | 18-06-2022 00:19:25 | server.Server - Соединение с клиентом установлено.
INFO  | 18-06-2022 00:19:25 | server.Server - Разрешение на новое соединение получено.
INFO  | 18-06-2022 00:19:25 | server.Server - Прослушивание порта '25565'...
INFO  | 18-06-2022 00:19:35 | utility.DatabaseUserManager - Выполнен запрос SELECT_USER_BY_USERNAME_AND_PASSWORD.
INFO  | 18-06-2022 00:19:35 | utility.DatabaseHandler - Закрыт SQL запрос 'SELECT * FROM account WHERE username = 'cuong' AND password = '40bd001563085fc35165329ea1ff5c5ecbdbbeef''.
INFO  | 18-06-2022 00:19:35 | utility.ConnectionHandler - Запрос 'login' обработан.
INFO  | 18-06-2022 00:19:38 | utility.ConnectionHandler - Запрос 'show' обработан.
