INFO  | 18-06-2022 00:05:17 | utility.DatabaseHandler - Соединение с базой данных установлено.
INFO  | 18-06-2022 00:05:17 | utility.DatabaseCollectionManager - Выполнен запрос SELECT_COORDINATES_BY_MARINE_ID.
INFO  | 18-06-2022 00:05:17 | utility.DatabaseHandler - Закрыт SQL запрос 'SELECT * FROM coordinates WHERE space_marine_id = 4'.
INFO  | 18-06-2022 00:05:17 | utility.DatabaseCollectionManager - Выполнен запрос SELECT_CHAPTER_BY_ID.
INFO  | 18-06-2022 00:05:17 | utility.DatabaseHandler - Закрыт SQL запрос 'SELECT * FROM chapter WHERE id = 9'.
INFO  | 18-06-2022 00:05:17 | utility.DatabaseUserManager - Выполнен запрос SELECT_USER_BY_ID.
INFO  | 18-06-2022 00:05:17 | utility.DatabaseHandler - Закрыт SQL запрос 'SELECT * FROM account WHERE id = 1'.
INFO  | 18-06-2022 00:05:17 | utility.DatabaseHandler - Закрыт SQL запрос 'SELECT * FROM space_marine'.
INFO  | 18-06-2022 00:05:17 | utility.CollectionManager - Коллекция загружена.
INFO  | 18-06-2022 00:05:17 | server.Server - Запуск сервера...
INFO  | 18-06-2022 00:05:17 | server.Server - Сервер запущен.
INFO  | 18-06-2022 00:05:17 | server.Server - Разрешение на новое соединение получено.
INFO  | 18-06-2022 00:05:17 | server.Server - Прослушивание порта '25565'...
INFO  | 18-06-2022 00:05:31 | server.Server - Соединение с клиентом установлено.
INFO  | 18-06-2022 00:05:31 | server.Server - Разрешение на новое соединение получено.
INFO  | 18-06-2022 00:05:31 | server.Server - Прослушивание порта '25565'...
INFO  | 18-06-2022 00:05:40 | utility.DatabaseUserManager - Выполнен запрос SELECT_USER_BY_USERNAME_AND_PASSWORD.
INFO  | 18-06-2022 00:05:40 | utility.DatabaseHandler - Закрыт SQL запрос 'SELECT * FROM account WHERE username = 'cuong' AND password = '40bd001563085fc35165329ea1ff5c5ecbdbbeef''.
INFO  | 18-06-2022 00:05:40 | utility.ConnectionHandler - Запрос 'login' обработан.
INFO  | 18-06-2022 00:05:43 | utility.ConnectionHandler - Запрос 'show' обработан.
INFO  | 18-06-2022 00:05:53 | utility.ConnectionHandler - Запрос 'execute_script' обработан.
INFO  | 18-06-2022 00:05:53 | utility.DatabaseCollectionManager - Выполнен запрос INSERT_CHAPTER.
INFO  | 18-06-2022 00:05:53 | utility.DatabaseUserManager - Выполнен запрос SELECT_USER_BY_USERNAME.
INFO  | 18-06-2022 00:05:53 | utility.DatabaseHandler - Закрыт SQL запрос 'SELECT * FROM account WHERE username = 'cuong''.
INFO  | 18-06-2022 00:05:53 | utility.DatabaseCollectionManager - Выполнен запрос INSERT_MARINE.
INFO  | 18-06-2022 00:05:53 | utility.DatabaseCollectionManager - Выполнен запрос INSERT_COORDINATES.
INFO  | 18-06-2022 00:05:53 | utility.DatabaseHandler - Закрыт SQL запрос 'INSERT INTO space_marine (name, creation_date, health, category, weapon_type, melee_weapon, chapter_id, user_id) VALUES ('huynh', '2022-06-18 00:05:53.296648+03', 123.0, 'ASSAULT'::astartes_category,'GRAV_GUN'::weapon, 'CHAIN_SWORD'::melee_weapon, 10, 2)
RETURNING *'.
INFO  | 18-06-2022 00:05:53 | utility.DatabaseHandler - Закрыт SQL запрос 'INSERT INTO coordinates (space_marine_id, x, y) VALUES (1, 2.0, 3.0)
RETURNING *'.
INFO  | 18-06-2022 00:05:53 | utility.DatabaseHandler - Закрыт SQL запрос 'INSERT INTO chapter (name, marines_count) VALUES ('cuong', 100)
RETURNING *'.
INFO  | 18-06-2022 00:05:53 | utility.ConnectionHandler - Запрос 'add' обработан.
INFO  | 18-06-2022 00:05:57 | utility.ConnectionHandler - Запрос 'show' обработан.
INFO  | 18-06-2022 00:06:11 | utility.ConnectionHandler - Запрос 'server_exit' обработан.
INFO  | 18-06-2022 00:06:11 | utility.ConnectionHandler - Клиент отключен от сервера.
INFO  | 18-06-2022 00:06:11 | server.Server - Завершение работы сервера...
INFO  | 18-06-2022 00:06:11 | server.Server - Работа сервера завершена.
INFO  | 18-06-2022 00:06:11 | server.Server - Разрыв соединения зарегистрирован.
INFO  | 18-06-2022 00:06:11 | utility.DatabaseHandler - Соединение с базой данных разорвано.
